<?xml version="1.0" encoding="UTF-8" ?>
<testsuite tests="93" failures="10" name="TestSuite" time="30.844" errors="0" skipped="4">
  <properties>
[...]
</properties>
  <testcase classname="com.ezijing.qa.sso.DeleteUser" name="deleteUserNoId" time="0.218"/>
  <testcase classname="com.ezijing.qa.sso.DeleteUser" name="deleteUserNormal" time="0.125"/>
  <testcase classname="com.ezijing.qa.sso.DeleteUser" name="deleteUserNoExist" time="0.172"/>
  <testcase classname="com.ezijing.qa.sso.GetUser" name="getUserNormal" time="0.187"/>
  <testcase classname="com.ezijing.qa.sso.GetUser" name="getUserNoId" time="0.125"/>
  <testcase classname="com.ezijing.qa.datacenter.GetIsLogin" name="isLoginNormal" time="0.157"/>
  <testcase classname="com.ezijing.qa.datacenter.GetIsLogin" name="isLoginNologin" time="0.156"/>
  <testcase classname="com.ezijing.qa.sso.PostUser" name="testAddUserNoEmail" time="0.125"/>
  <testcase classname="com.ezijing.qa.sso.PostUser" name="testAddUserNoPassword" time="0.109"/>
  <testcase classname="com.ezijing.qa.sso.PostUser" name="testAddUserNoUsername" time="0.141"/>
  <testcase classname="com.ezijing.qa.sso.PostUser" name="testAddUser" time="0.187"/>
  <testcase classname="com.ezijing.qa.sso.PutUser" name="modifyUserInfoNormal" time="0.11"/>
  <testcase classname="com.ezijing.qa.sso.PutUser" name="modifyUserInfoNoId" time="0.078"/>
  <testcase classname="com.ezijing.qa.sso.PutUser" name="modifyUserInfoNoOther" time="0.079"/>
  <testcase classname="com.ezijing.qa.datacenter.GetCourseInformation" name="courseInformation" time="0.187"/>
  <testcase classname="com.ezijing.qa.datacenter.mobile.GetChannel" name="mobileChannelNoraml" time="0.188"/>
  <testcase classname="com.ezijing.qa.datacenter.player.GetPlayerAjaxPush" name="ajaxpushPlayerNodata" time="0.172"/>
  <testcase classname="com.ezijing.qa.datacenter.player.GetPlayerAjaxPush" name="ajaxpushPlayerNormal" time="0.188"/>
  <testcase classname="com.ezijing.qa.datacenter.player.GetPlayerAjaxPush" name="ajaxpushPlayerNosid" time="0.187"/>
  <testcase classname="com.ezijing.qa.datacenter.player.GetPlayerAjaxPush" name="ajaxpushPlayerNotd" time="0.219"/>
  <testcase classname="com.ezijing.qa.datacenter.player.GetPlayerAjaxPush" name="ajaxpushPlayerNots" time="0.156"/>
  <testcase classname="com.ezijing.qa.datacenter.player.GetPlayerAjaxPush" name="ajaxpushPlayerNovid" time="0.188"/>
  <testcase classname="com.ezijing.qa.datacenter.video.GetLastPlayed" name="lastPlayedNormal" time="0.187">
    <failure message="expected:&lt;400&gt; but was:&lt;200&gt;" type="java.lang.AssertionError">java.lang.AssertionError: expected:&lt;400&gt; but was:&lt;200&gt;
	at org.junit.Assert.fail(Assert.java:88)
	at org.junit.Assert.failNotEquals(Assert.java:743)
	at org.junit.Assert.assertEquals(Assert.java:118)
	at org.junit.Assert.assertEquals(Assert.java:555)
	at org.junit.Assert.assertEquals(Assert.java:542)
	at com.ezijing.qa.datacenter.video.GetLastPlayed.lastPlayedNormal(GetLastPlayed.java:41)
</failure>
    <system-out>request url is : https://api.ezijing.com/cloud/v2/course/last-played?course_ids=756&amp;video_ids=758
Resuest method : GET
Response time is :172ms
Response is :{&quot;data&quot;:[],&quot;errorCode&quot;:400,&quot;errorMsg&quot;:&quot;Bad request. Not Login&quot;,&quot;request&quot;:&quot;v2/course/last-played&quot;}
</system-out>
  </testcase>
  <testcase classname="com.ezijing.qa.sso.DeleteTicketTGT" name="deleteTGT" time="0.109"/>
  <testcase classname="com.ezijing.qa.datacenter.GetCourseMyFavorite" name="courseMyfavorite" time="0.235"/>
  <testcase classname="com.ezijing.qa.datacenter.mobile.GetSlider" name="mobileSliderNormal" time="0.219"/>
  <testcase classname="com.ezijing.qa.datacenter.player.GetPlayerAjaxReview" name="ajaxreviewPlayerNoCostTime" time="0.219"/>
  <testcase classname="com.ezijing.qa.datacenter.player.GetPlayerAjaxReview" name="ajaxreviewPlayerNoDeviceType" time="0.219"/>
  <testcase classname="com.ezijing.qa.datacenter.player.GetPlayerAjaxReview" name="ajaxreviewPlayerNoQuiid" time="0.203"/>
  <testcase classname="com.ezijing.qa.datacenter.player.GetPlayerAjaxReview" name="ajaxreviewPlayerNoResult" time="0.218"/>
  <testcase classname="com.ezijing.qa.datacenter.player.GetPlayerAjaxReview" name="ajaxreviewPlayerNoSeriesid" time="0.204"/>
  <testcase classname="com.ezijing.qa.datacenter.player.GetPlayerAjaxReview" name="ajaxreviewPlayerNoVideoid" time="0.203"/>
  <testcase classname="com.ezijing.qa.datacenter.player.GetPlayerAjaxReview" name="ajaxreviewPlayerNormal" time="0.234"/>
  <testcase classname="com.ezijing.qa.datacenter.video.GetVideoAjaxMark" name="videoAjaxMarkNoVideoid" time="0.172">
    <failure message="expected:&lt;404&gt; but was:&lt;400&gt;" type="java.lang.AssertionError">java.lang.AssertionError: expected:&lt;404&gt; but was:&lt;400&gt;
	at org.junit.Assert.fail(Assert.java:88)
	at org.junit.Assert.failNotEquals(Assert.java:743)
	at org.junit.Assert.assertEquals(Assert.java:118)
	at org.junit.Assert.assertEquals(Assert.java:555)
	at org.junit.Assert.assertEquals(Assert.java:542)
	at com.ezijing.qa.datacenter.video.GetVideoAjaxMark.videoAjaxMarkNoVideoid(GetVideoAjaxMark.java:58)
</failure>
    <system-out>request url is : https://api.ezijing.com/cloud/v2/ajax-mark?mark=1
Resuest method : GET
Response time is :172ms
Response is :{&quot;data&quot;:[],&quot;errorCode&quot;:404,&quot;errorMsg&quot;:&quot;&quot;,&quot;request&quot;:&quot;v2/ajax-mark&quot;}
</system-out>
  </testcase>
  <testcase classname="com.ezijing.qa.datacenter.video.GetVideoAjaxMark" name="videoAjaxMarkNomark" time="0.172">
    <failure message="expected:&lt;404&gt; but was:&lt;400&gt;" type="java.lang.AssertionError">java.lang.AssertionError: expected:&lt;404&gt; but was:&lt;400&gt;
	at org.junit.Assert.fail(Assert.java:88)
	at org.junit.Assert.failNotEquals(Assert.java:743)
	at org.junit.Assert.assertEquals(Assert.java:118)
	at org.junit.Assert.assertEquals(Assert.java:555)
	at org.junit.Assert.assertEquals(Assert.java:542)
	at com.ezijing.qa.datacenter.video.GetVideoAjaxMark.videoAjaxMarkNomark(GetVideoAjaxMark.java:73)
</failure>
    <system-out>request url is : https://api.ezijing.com/cloud/v2/ajax-mark?video_id=5006
Resuest method : GET
Response time is :172ms
Response is :{&quot;data&quot;:[],&quot;errorCode&quot;:404,&quot;errorMsg&quot;:&quot;&quot;,&quot;request&quot;:&quot;v2/ajax-mark&quot;}
</system-out>
  </testcase>
  <testcase classname="com.ezijing.qa.datacenter.video.GetVideoAjaxMark" name="videoAjaxMarkNormal" time="0.172">
    <failure message="expected:&lt;404&gt; but was:&lt;200&gt;" type="java.lang.AssertionError">java.lang.AssertionError: expected:&lt;404&gt; but was:&lt;200&gt;
	at org.junit.Assert.fail(Assert.java:88)
	at org.junit.Assert.failNotEquals(Assert.java:743)
	at org.junit.Assert.assertEquals(Assert.java:118)
	at org.junit.Assert.assertEquals(Assert.java:555)
	at org.junit.Assert.assertEquals(Assert.java:542)
	at com.ezijing.qa.datacenter.video.GetVideoAjaxMark.videoAjaxMarkNormal(GetVideoAjaxMark.java:44)
</failure>
    <system-out>request url is : https://api.ezijing.com/cloud/v2/ajax-mark?mark=1&amp;video_id=5006
Resuest method : GET
Response time is :157ms
Response is :{&quot;data&quot;:[],&quot;errorCode&quot;:404,&quot;errorMsg&quot;:&quot;&quot;,&quot;request&quot;:&quot;v2/ajax-mark&quot;}
</system-out>
  </testcase>
  <testcase classname="com.ezijing.qa.datacenter.GetCourseMyjoined" name="courseMyJoined" time="0.281"/>
  <testcase classname="com.ezijing.qa.datacenter.mobile.GetSwitch" name="mobileSwitchNoraml" time="0.156"/>
  <testcase classname="com.ezijing.qa.datacenter.player.PostPlayerPush" name="pushPlayerNormal" time="1">
    <failure message="Method org.testng.internal.TestNGMethod.pushPlayerNormal() didn&apos;t finish within the time-out 1000" type="org.testng.internal.thread.ThreadTimeoutException">org.testng.internal.thread.ThreadTimeoutException: Method org.testng.internal.TestNGMethod.pushPlayerNormal() didn&apos;t finish within the time-out 1000
	at java.util.zip.Inflater.inflateBytes(Native Method)
	at java.util.zip.Inflater.inflate(Inflater.java:259)
	at java.util.zip.InflaterInputStream.read(InflaterInputStream.java:152)
	at java.util.zip.InflaterInputStream.read(InflaterInputStream.java:122)
	at java.io.FilterInputStream.read(FilterInputStream.java:83)
	at java.io.DataInputStream.readUnsignedShort(DataInputStream.java:337)
	at org.apache.xmlbeans.impl.schema.SchemaTypeSystemImpl$XsbReader.readShort(SchemaTypeSystemImpl.java:1773)
	at org.apache.xmlbeans.impl.schema.SchemaTypeSystemImpl$XsbReader.readString(SchemaTypeSystemImpl.java:1827)
	at org.apache.xmlbeans.impl.schema.SchemaTypeSystemImpl$XsbReader.readHandle(SchemaTypeSystemImpl.java:1981)
	at org.apache.xmlbeans.impl.schema.SchemaTypeSystemImpl$XsbReader.readTypeRef(SchemaTypeSystemImpl.java:2095)
	at org.apache.xmlbeans.impl.schema.SchemaTypeSystemImpl$XsbReader.readXmlValueObject(SchemaTypeSystemImpl.java:3224)
	at org.apache.xmlbeans.impl.schema.SchemaTypeSystemImpl$XsbReader.loadParticle(SchemaTypeSystemImpl.java:3016)
	at org.apache.xmlbeans.impl.schema.SchemaTypeSystemImpl$XsbReader.readParticleData(SchemaTypeSystemImpl.java:2989)
	at org.apache.xmlbeans.impl.schema.SchemaTypeSystemImpl$XsbReader.readParticleArray(SchemaTypeSystemImpl.java:2970)
	at org.apache.xmlbeans.impl.schema.SchemaTypeSystemImpl$XsbReader.loadParticle(SchemaTypeSystemImpl.java:3037)
	at org.apache.xmlbeans.impl.schema.SchemaTypeSystemImpl$XsbReader.readParticleData(SchemaTypeSystemImpl.java:2989)
	at org.apache.xmlbeans.impl.schema.SchemaTypeSystemImpl$XsbReader.readParticleArray(SchemaTypeSystemImpl.java:2970)
	at org.apache.xmlbeans.impl.schema.SchemaTypeSystemImpl$XsbReader.finishLoadingType(SchemaTypeSystemImpl.java:2555)
	at org.apache.xmlbeans.impl.schema.SchemaTypeSystemImpl.resolveHandle(SchemaTypeSystemImpl.java:3507)
	at org.apache.xmlbeans.SchemaComponent$Ref.getComponent(SchemaComponent.java:104)
	at org.apache.xmlbeans.SchemaType$Ref.get(SchemaType.java:872)
	at org.apache.xmlbeans.impl.schema.SchemaPropertyImpl.getType(SchemaPropertyImpl.java:92)
	at org.apache.xmlbeans.impl.schema.SchemaTypeImpl.createElementType(SchemaTypeImpl.java:965)
	at org.apache.xmlbeans.impl.values.XmlObjectBase.create_element_user(XmlObjectBase.java:893)
	at org.apache.xmlbeans.impl.store.Xobj.getUser(Xobj.java:1657)
	at org.apache.xmlbeans.impl.store.Xobj.find_element_user(Xobj.java:2062)
	at org.openxmlformats.schemas.spreadsheetml.x2006.main.impl.WorksheetDocumentImpl.getWorksheet(Unknown Source)
	at org.apache.poi.xssf.usermodel.XSSFSheet.read(XSSFSheet.java:153)
	at org.apache.poi.xssf.usermodel.XSSFSheet.onDocumentRead(XSSFSheet.java:145)
	at org.apache.poi.xssf.usermodel.XSSFWorkbook.onDocumentRead(XSSFWorkbook.java:201)
	at org.apache.poi.POIXMLDocument.load(POIXMLDocument.java:200)
	at org.apache.poi.xssf.usermodel.XSSFWorkbook.&lt;init&gt;(XSSFWorkbook.java:151)
	at org.apache.poi.xssf.usermodel.XSSFWorkbook.&lt;init&gt;(XSSFWorkbook.java:167)
	at com.ezijing.qa.util.PoiUtils.readExcel(PoiUtils.java:62)
	at com.ezijing.qa.util.PoiUtils.getTestData(PoiUtils.java:750)
	at com.ezijing.qa.datacenter.player.PostPlayerPush.pushPlayerNormal(PostPlayerPush.java:41)
</failure>
  </testcase>
  <testcase classname="com.ezijing.qa.datacenter.player.PostPlayerPush" name="pushPlayerNots" time="0.359"/>
  <testcase classname="com.ezijing.qa.datacenter.player.PostPlayerPush" name="pushPlayerNovid" time="0.235"/>
  <testcase classname="com.ezijing.qa.datacenter.player.PostPlayerPush" name="pushPlayerNovsid" time="0.25"/>
  <testcase classname="com.ezijing.qa.datacenter.video.GetVideoIsMark" name="testVideomarkNormal" time="0.156"/>
  <testcase classname="com.ezijing.qa.datacenter.video.GetVideoIsMark" name="testVideomarkNovideoid" time="0.141"/>
  <testcase classname="com.ezijing.qa.sso.GetRole" name="getRole" time="0.14"/>
  <testcase classname="com.ezijing.qa.sso.GetRole" name="getRoleNoId" time="0.157"/>
  <testcase classname="com.ezijing.qa.datacenter.GetCourseMyPurchased" name="courseMyPurchased" time="0.218"/>
  <testcase classname="com.ezijing.qa.datacenter.player.PostPlayerReview" name="playerReviewNocosttime" time="0.313"/>
  <testcase classname="com.ezijing.qa.datacenter.player.PostPlayerReview" name="playerReviewNodevicetype" time="0.234"/>
  <testcase classname="com.ezijing.qa.datacenter.player.PostPlayerReview" name="playerReviewNoquizid" time="0.219"/>
  <testcase classname="com.ezijing.qa.datacenter.player.PostPlayerReview" name="playerReviewNoresult" time="0.25"/>
  <testcase classname="com.ezijing.qa.datacenter.player.PostPlayerReview" name="playerReviewNormal" time="0.266"/>
  <testcase classname="com.ezijing.qa.datacenter.player.PostPlayerReview" name="playerReviewNoseriesid" time="0.234"/>
  <testcase classname="com.ezijing.qa.datacenter.player.PostPlayerReview" name="playerReviewNovideoid" time="0.188"/>
  <testcase classname="com.ezijing.qa.datacenter.video.GetVideoProgress" name="videoProgressNormal" time="0.187"/>
  <testcase classname="com.ezijing.qa.datacenter.video.GetVideoProgress" name="videoProgressNovideoid" time="0.156"/>
  <testcase classname="com.ezijing.qa.datacenter.GetHot" name="courseHot" time="0.172"/>
  <testcase classname="com.ezijing.qa.datacenter.video.PostVideoMarks" name="testVideomarkNormal" time="0.172"/>
  <testcase classname="com.ezijing.qa.datacenter.video.PostVideoMarks" name="testVideomarkNovideoid" time="0.156"/>
  <testcase classname="com.ezijing.qa.datacenter.video.PostVideoMarks" name="testVideomarkNovideomark" time="0.188"/>
  <testcase classname="com.ezijing.qa.sso.PostRegister" name="postRegisterUserNoEmail" time="0.125"/>
  <testcase classname="com.ezijing.qa.sso.PostRegister" name="postRegisterUserNoPassword" time="0.156"/>
  <testcase classname="com.ezijing.qa.sso.PostRegister" name="postRegisterUserNoUsername" time="0.14"/>
  <testcase classname="com.ezijing.qa.sso.PostRegister" name="postRegisterUserNormal" time="0.438"/>
  <testcase classname="com.ezijing.qa.sso.PostRegisterCheck" name="testRegisterCheckExistUser" time="0.141"/>
  <testcase classname="com.ezijing.qa.sso.PostRegisterCheck" name="testRegisterCheckNoExistUser" time="0.14"/>
  <testcase classname="com.ezijing.qa.datacenter.GetProgress" name="courseProgress" time="0.25"/>
  <testcase classname="com.ezijing.qa.sso.PostRegProxyValidate" name="postProxyValidateNormal" time="0.11"/>
  <testcase classname="com.ezijing.qa.datacenter.GetProgressAll" name="courseProgress" time="0.218"/>
  <testcase classname="com.ezijing.qa.datacenter.GetUserInformation" name="courseProgress" time="0.157"/>
  <testcase classname="com.ezijing.qa.sso.PostTickets" name="getTGTNoPassword" time="0.156"/>
  <testcase classname="com.ezijing.qa.sso.PostTickets" name="getTGTNoUsername" time="0.14"/>
  <testcase classname="com.ezijing.qa.sso.PostTickets" name="getTGTNormal" time="0.172">
    <failure message="java.lang.String cannot be cast to com.alibaba.fastjson.JSONObject" type="java.lang.ClassCastException">java.lang.ClassCastException: java.lang.String cannot be cast to com.alibaba.fastjson.JSONObject
	at com.alibaba.fastjson.JSONObject.getJSONObject(JSONObject.java:109)
	at com.ezijing.qa.sso.PostTickets.getTGTNormal(PostTickets.java:65)
</failure>
    <system-out>Request url: https://api.ezijing.com/sso/v1/tickets
Request par: [password=123456, service=http://www.ezijing.com, username=AutoTestUser091300335188]
Resuest method : POST
Response time is :156ms
Response is :{&quot;data&quot;:&quot;&quot;,&quot;errorCode&quot;:1002,&quot;errorMsg&quot;:&quot;用户名或密码错误&quot;}
</system-out>
  </testcase>
  <testcase classname="com.ezijing.qa.sso.PostTickets" name="getTGTWrongPassword" time="0.157"/>
  <testcase classname="com.ezijing.qa.sso.PostTickets" name="getTGTWrongUsername" time="0.14"/>
  <testcase classname="com.ezijing.qa.datacenter.PostExamPush" name="examPushNoaccuracy" time="0.187"/>
  <testcase classname="com.ezijing.qa.datacenter.PostExamPush" name="examPushNocourseid" time="0.157"/>
  <testcase classname="com.ezijing.qa.datacenter.PostExamPush" name="examPushNodevicetype" time="0.203"/>
  <testcase classname="com.ezijing.qa.datacenter.PostExamPush" name="examPushNoendtime" time="0.203"/>
  <testcase classname="com.ezijing.qa.datacenter.PostExamPush" name="examPushNofullscore" time="0.188"/>
  <testcase classname="com.ezijing.qa.datacenter.PostExamPush" name="examPushNormal" time="0.187"/>
  <testcase classname="com.ezijing.qa.datacenter.PostExamPush" name="examPushNoscore" time="0.188"/>
  <testcase classname="com.ezijing.qa.datacenter.PostExamPush" name="examPushNostarttime" time="0.203"/>
  <testcase classname="com.ezijing.qa.datacenter.PostExamPush" name="examPushNouid" time="0.187"/>
  <testcase classname="com.ezijing.qa.datacenter.PostExamPush" name="examPushNouserip" time="0.203">
    <failure message="expected:&lt;200&gt; but was:&lt;400&gt;" type="java.lang.AssertionError">java.lang.AssertionError: expected:&lt;200&gt; but was:&lt;400&gt;
	at org.junit.Assert.fail(Assert.java:88)
	at org.junit.Assert.failNotEquals(Assert.java:743)
	at org.junit.Assert.assertEquals(Assert.java:118)
	at org.junit.Assert.assertEquals(Assert.java:555)
	at org.junit.Assert.assertEquals(Assert.java:542)
	at com.ezijing.qa.datacenter.PostExamPush.examPushNouserip(PostExamPush.java:167)
</failure>
    <system-out>Request url: https://api.ezijing.com/cloud/previous/exam/push
Request par: [uid=27244, course_id=756, score=0.99, time_start=1430918942, accuracy=100.99, device_type=2, time_end=1430919009, fullscore=0.1]
Resuest method : POST
Response time is :188ms
Response is :{&quot;data&quot;:&quot;success&quot;,&quot;errorCode&quot;:200,&quot;errorMsg&quot;:&quot;&quot;,&quot;request&quot;:&quot;previous/exam/push&quot;}
</system-out>
  </testcase>
  <testcase classname="com.ezijing.qa.sso.PostTicketsTGT" name="testPostSTNormal" time="0.141"/>
  <testcase classname="com.ezijing.qa.sso.PostUpdateUser" name="updateUserAvatar" time="1.016">
    <failure message="Method org.testng.internal.TestNGMethod.updateUserAvatar() didn&apos;t finish within the time-out 1000" type="org.testng.internal.thread.ThreadTimeoutException">org.testng.internal.thread.ThreadTimeoutException: Method org.testng.internal.TestNGMethod.updateUserAvatar() didn&apos;t finish within the time-out 1000
	at java.net.SocketInputStream.socketRead0(Native Method)
	at java.net.SocketInputStream.socketRead(SocketInputStream.java:116)
	at java.net.SocketInputStream.read(SocketInputStream.java:170)
	at java.net.SocketInputStream.read(SocketInputStream.java:141)
	at sun.security.ssl.InputRecord.readFully(InputRecord.java:465)
	at sun.security.ssl.InputRecord.read(InputRecord.java:503)
	at sun.security.ssl.SSLSocketImpl.readRecord(SSLSocketImpl.java:961)
	at sun.security.ssl.SSLSocketImpl.readDataRecord(SSLSocketImpl.java:918)
	at sun.security.ssl.AppInputStream.read(AppInputStream.java:105)
	at org.apache.http.impl.io.AbstractSessionInputBuffer.fillBuffer(AbstractSessionInputBuffer.java:160)
	at org.apache.http.impl.io.SocketInputBuffer.fillBuffer(SocketInputBuffer.java:84)
	at org.apache.http.impl.io.AbstractSessionInputBuffer.readLine(AbstractSessionInputBuffer.java:273)
	at org.apache.http.impl.conn.DefaultHttpResponseParser.parseHead(DefaultHttpResponseParser.java:140)
	at org.apache.http.impl.conn.DefaultHttpResponseParser.parseHead(DefaultHttpResponseParser.java:57)
	at org.apache.http.impl.io.AbstractMessageParser.parse(AbstractMessageParser.java:260)
	at org.apache.http.impl.AbstractHttpClientConnection.receiveResponseHeader(AbstractHttpClientConnection.java:283)
	at org.apache.http.impl.conn.DefaultClientConnection.receiveResponseHeader(DefaultClientConnection.java:251)
	at org.apache.http.impl.conn.ManagedClientConnectionImpl.receiveResponseHeader(ManagedClientConnectionImpl.java:197)
	at org.apache.http.protocol.HttpRequestExecutor.doReceiveResponse(HttpRequestExecutor.java:271)
	at org.apache.http.protocol.HttpRequestExecutor.execute(HttpRequestExecutor.java:123)
	at org.apache.http.impl.client.DefaultRequestDirector.tryExecute(DefaultRequestDirector.java:685)
	at org.apache.http.impl.client.DefaultRequestDirector.execute(DefaultRequestDirector.java:487)
	at org.apache.http.impl.client.AbstractHttpClient.doExecute(AbstractHttpClient.java:863)
	at org.apache.http.impl.client.CloseableHttpClient.execute(CloseableHttpClient.java:82)
	at org.apache.http.impl.client.CloseableHttpClient.execute(CloseableHttpClient.java:57)
	at com.ezijing.qa.util.Utils.httpPost(Utils.java:218)
	at com.ezijing.qa.util.BaseApiUtil.postResponse(BaseApiUtil.java:60)
	at com.ezijing.qa.sso.PostUpdateUser.updateUserAvatar(PostUpdateUser.java:69)
</failure>
    <system-out>Request url: https://api.ezijing.com/sso/v1/updateUser
Request par: [mid=1000008513]
Resuest method : POST
</system-out>
  </testcase>
  <testcase classname="com.ezijing.qa.sso.PostUpdateUser" name="updateUserEmail" time="1.015">
    <failure message="Method org.testng.internal.TestNGMethod.updateUserEmail() didn&apos;t finish within the time-out 1000" type="org.testng.internal.thread.ThreadTimeoutException">org.testng.internal.thread.ThreadTimeoutException: Method org.testng.internal.TestNGMethod.updateUserEmail() didn&apos;t finish within the time-out 1000
	at java.net.SocketInputStream.socketRead0(Native Method)
	at java.net.SocketInputStream.socketRead(SocketInputStream.java:116)
	at java.net.SocketInputStream.read(SocketInputStream.java:170)
	at java.net.SocketInputStream.read(SocketInputStream.java:141)
	at sun.security.ssl.InputRecord.readFully(InputRecord.java:465)
	at sun.security.ssl.InputRecord.read(InputRecord.java:503)
	at sun.security.ssl.SSLSocketImpl.readRecord(SSLSocketImpl.java:961)
	at sun.security.ssl.SSLSocketImpl.readDataRecord(SSLSocketImpl.java:918)
	at sun.security.ssl.AppInputStream.read(AppInputStream.java:105)
	at org.apache.http.impl.io.AbstractSessionInputBuffer.fillBuffer(AbstractSessionInputBuffer.java:160)
	at org.apache.http.impl.io.SocketInputBuffer.fillBuffer(SocketInputBuffer.java:84)
	at org.apache.http.impl.io.AbstractSessionInputBuffer.readLine(AbstractSessionInputBuffer.java:273)
	at org.apache.http.impl.conn.DefaultHttpResponseParser.parseHead(DefaultHttpResponseParser.java:140)
	at org.apache.http.impl.conn.DefaultHttpResponseParser.parseHead(DefaultHttpResponseParser.java:57)
	at org.apache.http.impl.io.AbstractMessageParser.parse(AbstractMessageParser.java:260)
	at org.apache.http.impl.AbstractHttpClientConnection.receiveResponseHeader(AbstractHttpClientConnection.java:283)
	at org.apache.http.impl.conn.DefaultClientConnection.receiveResponseHeader(DefaultClientConnection.java:251)
	at org.apache.http.impl.conn.ManagedClientConnectionImpl.receiveResponseHeader(ManagedClientConnectionImpl.java:197)
	at org.apache.http.protocol.HttpRequestExecutor.doReceiveResponse(HttpRequestExecutor.java:271)
	at org.apache.http.protocol.HttpRequestExecutor.execute(HttpRequestExecutor.java:123)
	at org.apache.http.impl.client.DefaultRequestDirector.tryExecute(DefaultRequestDirector.java:685)
	at org.apache.http.impl.client.DefaultRequestDirector.execute(DefaultRequestDirector.java:487)
	at org.apache.http.impl.client.AbstractHttpClient.doExecute(AbstractHttpClient.java:863)
	at org.apache.http.impl.client.CloseableHttpClient.execute(CloseableHttpClient.java:82)
	at org.apache.http.impl.client.CloseableHttpClient.execute(CloseableHttpClient.java:57)
	at com.ezijing.qa.util.Utils.httpPost(Utils.java:218)
	at com.ezijing.qa.util.BaseApiUtil.postResponse(BaseApiUtil.java:60)
	at com.ezijing.qa.sso.PostUpdateUser.updateUserEmail(PostUpdateUser.java:84)
</failure>
    <system-out>Request url: https://api.ezijing.com/sso/v1/updateUser
Request par: [gender=男, companyName=紫荆教育, mid=1000008513, email=1313003352@sina.com]
Resuest method : POST
</system-out>
  </testcase>
  <testcase classname="com.ezijing.qa.datacenter.GetCourseInformation" name="afterTest" time="3.703">
    <failure message="expected:&lt;1009&gt; but was:&lt;200&gt;" type="java.lang.AssertionError">java.lang.AssertionError: expected:&lt;1009&gt; but was:&lt;200&gt;
	at org.junit.Assert.fail(Assert.java:88)
	at org.junit.Assert.failNotEquals(Assert.java:743)
	at org.junit.Assert.assertEquals(Assert.java:118)
	at org.junit.Assert.assertEquals(Assert.java:555)
	at org.junit.Assert.assertEquals(Assert.java:542)
	at com.ezijing.qa.sso.PostTickets.afterTest(PostTickets.java:135)
	at sun.reflect.NativeMethodAccessorImpl.invoke0(Native Method)
	at sun.reflect.NativeMethodAccessorImpl.invoke(NativeMethodAccessorImpl.java:62)
	at sun.reflect.DelegatingMethodAccessorImpl.invoke(DelegatingMethodAccessorImpl.java:43)
	at java.lang.reflect.Method.invoke(Method.java:497)
	at org.testng.internal.MethodInvocationHelper.invokeMethod(MethodInvocationHelper.java:80)
	at org.testng.internal.Invoker.invokeConfigurationMethod(Invoker.java:525)
	at org.testng.internal.Invoker.invokeConfigurations(Invoker.java:202)
	at org.testng.internal.Invoker.invokeConfigurations(Invoker.java:130)
	at org.testng.TestRunner.afterRun(TestRunner.java:1187)
	at org.testng.TestRunner.run(TestRunner.java:612)
	at org.testng.SuiteRunner.runTest(SuiteRunner.java:334)
	at org.testng.SuiteRunner.runSequentially(SuiteRunner.java:329)
	at org.testng.SuiteRunner.privateRun(SuiteRunner.java:291)
	at org.testng.SuiteRunner.run(SuiteRunner.java:240)
	at org.testng.SuiteRunnerWorker.runSuite(SuiteRunnerWorker.java:52)
	at org.testng.SuiteRunnerWorker.run(SuiteRunnerWorker.java:86)
	at org.testng.TestNG.runSuitesSequentially(TestNG.java:1158)
	at org.testng.TestNG.runSuitesLocally(TestNG.java:1083)
	at org.testng.TestNG.run(TestNG.java:999)
	at org.apache.maven.surefire.testng.TestNGExecutor.run(TestNGExecutor.java:74)
	at org.apache.maven.surefire.testng.TestNGXmlTestSuite.execute(TestNGXmlTestSuite.java:92)
	at org.apache.maven.surefire.Surefire.run(Surefire.java:177)
	at sun.reflect.NativeMethodAccessorImpl.invoke0(Native Method)
	at sun.reflect.NativeMethodAccessorImpl.invoke(NativeMethodAccessorImpl.java:62)
	at sun.reflect.DelegatingMethodAccessorImpl.invoke(DelegatingMethodAccessorImpl.java:43)
	at java.lang.reflect.Method.invoke(Method.java:497)
	at org.apache.maven.surefire.booter.SurefireBooter.runSuitesInProcess(SurefireBooter.java:345)
	at org.apache.maven.surefire.booter.SurefireBooter.main(SurefireBooter.java:1009)
</failure>
    <system-out>Request url: https://api.ezijing.com/sso/v1/updateUser
Request par: [gender=男, companyName=紫荆教育, mid=1000008513, email=1313003352@sina.com]
Resuest method : POST
</system-out>
  </testcase>
  <testcase classname="com.ezijing.qa.datacenter.GetCourseInformation" name="afterTest" time="3.703">
    <skipped/>
  </testcase>
  <testcase classname="com.ezijing.qa.datacenter.GetCourseInformation" name="deleteUser" time="3.703">
    <skipped/>
  </testcase>
  <testcase classname="com.ezijing.qa.datacenter.GetCourseInformation" name="afterTest" time="3.703">
    <skipped/>
  </testcase>
  <testcase classname="com.ezijing.qa.datacenter.GetCourseInformation" name="deleteUser" time="3.703">
    <skipped/>
  </testcase>
</testsuite>