-------------------------------------------------------------------------------
Test set: TestSuite
-------------------------------------------------------------------------------
Tests run: 93, Failures: 10, Errors: 0, Skipped: 4, Time elapsed: 30.859 sec <<< FAILURE!
lastPlayedNormal(com.ezijing.qa.datacenter.video.GetLastPlayed)  Time elapsed: 0.234 sec  <<< FAILURE!
java.lang.AssertionError: expected:<400> but was:<200>
	at org.junit.Assert.fail(Assert.java:88)
	at org.junit.Assert.failNotEquals(Assert.java:743)
	at org.junit.Assert.assertEquals(Assert.java:118)
	at org.junit.Assert.assertEquals(Assert.java:555)
	at org.junit.Assert.assertEquals(Assert.java:542)
	at com.ezijing.qa.datacenter.video.GetLastPlayed.lastPlayedNormal(GetLastPlayed.java:41)

videoAjaxMarkNoVideoid(com.ezijing.qa.datacenter.video.GetVideoAjaxMark)  Time elapsed: 0.172 sec  <<< FAILURE!
java.lang.AssertionError: expected:<404> but was:<400>
	at org.junit.Assert.fail(Assert.java:88)
	at org.junit.Assert.failNotEquals(Assert.java:743)
	at org.junit.Assert.assertEquals(Assert.java:118)
	at org.junit.Assert.assertEquals(Assert.java:555)
	at org.junit.Assert.assertEquals(Assert.java:542)
	at com.ezijing.qa.datacenter.video.GetVideoAjaxMark.videoAjaxMarkNoVideoid(GetVideoAjaxMark.java:58)

videoAjaxMarkNomark(com.ezijing.qa.datacenter.video.GetVideoAjaxMark)  Time elapsed: 0.172 sec  <<< FAILURE!
java.lang.AssertionError: expected:<404> but was:<400>
	at org.junit.Assert.fail(Assert.java:88)
	at org.junit.Assert.failNotEquals(Assert.java:743)
	at org.junit.Assert.assertEquals(Assert.java:118)
	at org.junit.Assert.assertEquals(Assert.java:555)
	at org.junit.Assert.assertEquals(Assert.java:542)
	at com.ezijing.qa.datacenter.video.GetVideoAjaxMark.videoAjaxMarkNomark(GetVideoAjaxMark.java:73)

videoAjaxMarkNormal(com.ezijing.qa.datacenter.video.GetVideoAjaxMark)  Time elapsed: 0.172 sec  <<< FAILURE!
java.lang.AssertionError: expected:<404> but was:<200>
	at org.junit.Assert.fail(Assert.java:88)
	at org.junit.Assert.failNotEquals(Assert.java:743)
	at org.junit.Assert.assertEquals(Assert.java:118)
	at org.junit.Assert.assertEquals(Assert.java:555)
	at org.junit.Assert.assertEquals(Assert.java:542)
	at com.ezijing.qa.datacenter.video.GetVideoAjaxMark.videoAjaxMarkNormal(GetVideoAjaxMark.java:44)

pushPlayerNormal(com.ezijing.qa.datacenter.player.PostPlayerPush)  Time elapsed: 1 sec  <<< FAILURE!
org.testng.internal.thread.ThreadTimeoutException: Method org.testng.internal.TestNGMethod.pushPlayerNormal() didn't finish within the time-out 1000
	at java.util.zip.Inflater.inflateBytes(Native Method)
	at java.util.zip.Inflater.inflate(Inflater.java:259)
	at java.util.zip.InflaterInputStream.read(InflaterInputStream.java:152)
	at java.util.zip.InflaterInputStream.read(InflaterInputStream.java:122)
	at java.io.FilterInputStream.read(FilterInputStream.java:83)
	at java.io.DataInputStream.readUnsignedShort(DataInputStream.java:337)
	at org.apache.xmlbeans.impl.schema.SchemaTypeSystemImpl$XsbReader.readShort(SchemaTypeSystemImpl.java:1773)
	at org.apache.xmlbeans.impl.schema.SchemaTypeSystemImpl$XsbReader.readString(SchemaTypeSystemImpl.java:1827)
	at org.apache.xmlbeans.impl.schema.SchemaTypeSystemImpl$XsbReader.readHandle(SchemaTypeSystemImpl.java:1981)
	at org.apache.xmlbeans.impl.schema.SchemaTypeSystemImpl$XsbReader.readTypeRef(SchemaTypeSystemImpl.java:2095)
	at org.apache.xmlbeans.impl.schema.SchemaTypeSystemImpl$XsbReader.readXmlValueObject(SchemaTypeSystemImpl.java:3224)
	at org.apache.xmlbeans.impl.schema.SchemaTypeSystemImpl$XsbReader.loadParticle(SchemaTypeSystemImpl.java:3016)
	at org.apache.xmlbeans.impl.schema.SchemaTypeSystemImpl$XsbReader.readParticleData(SchemaTypeSystemImpl.java:2989)
	at org.apache.xmlbeans.impl.schema.SchemaTypeSystemImpl$XsbReader.readParticleArray(SchemaTypeSystemImpl.java:2970)
	at org.apache.xmlbeans.impl.schema.SchemaTypeSystemImpl$XsbReader.loadParticle(SchemaTypeSystemImpl.java:3037)
	at org.apache.xmlbeans.impl.schema.SchemaTypeSystemImpl$XsbReader.readParticleData(SchemaTypeSystemImpl.java:2989)
	at org.apache.xmlbeans.impl.schema.SchemaTypeSystemImpl$XsbReader.readParticleArray(SchemaTypeSystemImpl.java:2970)
	at org.apache.xmlbeans.impl.schema.SchemaTypeSystemImpl$XsbReader.finishLoadingType(SchemaTypeSystemImpl.java:2555)
	at org.apache.xmlbeans.impl.schema.SchemaTypeSystemImpl.resolveHandle(SchemaTypeSystemImpl.java:3507)
	at org.apache.xmlbeans.SchemaComponent$Ref.getComponent(SchemaComponent.java:104)
	at org.apache.xmlbeans.SchemaType$Ref.get(SchemaType.java:872)
	at org.apache.xmlbeans.impl.schema.SchemaPropertyImpl.getType(SchemaPropertyImpl.java:92)
	at org.apache.xmlbeans.impl.schema.SchemaTypeImpl.createElementType(SchemaTypeImpl.java:965)
	at org.apache.xmlbeans.impl.values.XmlObjectBase.create_element_user(XmlObjectBase.java:893)
	at org.apache.xmlbeans.impl.store.Xobj.getUser(Xobj.java:1657)
	at org.apache.xmlbeans.impl.store.Xobj.find_element_user(Xobj.java:2062)
	at org.openxmlformats.schemas.spreadsheetml.x2006.main.impl.WorksheetDocumentImpl.getWorksheet(Unknown Source)
	at org.apache.poi.xssf.usermodel.XSSFSheet.read(XSSFSheet.java:153)
	at org.apache.poi.xssf.usermodel.XSSFSheet.onDocumentRead(XSSFSheet.java:145)
	at org.apache.poi.xssf.usermodel.XSSFWorkbook.onDocumentRead(XSSFWorkbook.java:201)
	at org.apache.poi.POIXMLDocument.load(POIXMLDocument.java:200)
	at org.apache.poi.xssf.usermodel.XSSFWorkbook.<init>(XSSFWorkbook.java:151)
	at org.apache.poi.xssf.usermodel.XSSFWorkbook.<init>(XSSFWorkbook.java:167)
	at com.ezijing.qa.util.PoiUtils.readExcel(PoiUtils.java:62)
	at com.ezijing.qa.util.PoiUtils.getTestData(PoiUtils.java:750)
	at com.ezijing.qa.datacenter.player.PostPlayerPush.pushPlayerNormal(PostPlayerPush.java:41)

getTGTNormal(com.ezijing.qa.sso.PostTickets)  Time elapsed: 0.172 sec  <<< FAILURE!
java.lang.ClassCastException: java.lang.String cannot be cast to com.alibaba.fastjson.JSONObject
	at com.alibaba.fastjson.JSONObject.getJSONObject(JSONObject.java:109)
	at com.ezijing.qa.sso.PostTickets.getTGTNormal(PostTickets.java:65)

examPushNouserip(com.ezijing.qa.datacenter.PostExamPush)  Time elapsed: 0.203 sec  <<< FAILURE!
java.lang.AssertionError: expected:<200> but was:<400>
	at org.junit.Assert.fail(Assert.java:88)
	at org.junit.Assert.failNotEquals(Assert.java:743)
	at org.junit.Assert.assertEquals(Assert.java:118)
	at org.junit.Assert.assertEquals(Assert.java:555)
	at org.junit.Assert.assertEquals(Assert.java:542)
	at com.ezijing.qa.datacenter.PostExamPush.examPushNouserip(PostExamPush.java:167)

updateUserAvatar(com.ezijing.qa.sso.PostUpdateUser)  Time elapsed: 1.016 sec  <<< FAILURE!
org.testng.internal.thread.ThreadTimeoutException: Method org.testng.internal.TestNGMethod.updateUserAvatar() didn't finish within the time-out 1000
	at java.net.SocketInputStream.socketRead0(Native Method)
	at java.net.SocketInputStream.socketRead(SocketInputStream.java:116)
	at java.net.SocketInputStream.read(SocketInputStream.java:170)
	at java.net.SocketInputStream.read(SocketInputStream.java:141)
	at sun.security.ssl.InputRecord.readFully(InputRecord.java:465)
	at sun.security.ssl.InputRecord.read(InputRecord.java:503)
	at sun.security.ssl.SSLSocketImpl.readRecord(SSLSocketImpl.java:961)
	at sun.security.ssl.SSLSocketImpl.readDataRecord(SSLSocketImpl.java:918)
	at sun.security.ssl.AppInputStream.read(AppInputStream.java:105)
	at org.apache.http.impl.io.AbstractSessionInputBuffer.fillBuffer(AbstractSessionInputBuffer.java:160)
	at org.apache.http.impl.io.SocketInputBuffer.fillBuffer(SocketInputBuffer.java:84)
	at org.apache.http.impl.io.AbstractSessionInputBuffer.readLine(AbstractSessionInputBuffer.java:273)
	at org.apache.http.impl.conn.DefaultHttpResponseParser.parseHead(DefaultHttpResponseParser.java:140)
	at org.apache.http.impl.conn.DefaultHttpResponseParser.parseHead(DefaultHttpResponseParser.java:57)
	at org.apache.http.impl.io.AbstractMessageParser.parse(AbstractMessageParser.java:260)
	at org.apache.http.impl.AbstractHttpClientConnection.receiveResponseHeader(AbstractHttpClientConnection.java:283)
	at org.apache.http.impl.conn.DefaultClientConnection.receiveResponseHeader(DefaultClientConnection.java:251)
	at org.apache.http.impl.conn.ManagedClientConnectionImpl.receiveResponseHeader(ManagedClientConnectionImpl.java:197)
	at org.apache.http.protocol.HttpRequestExecutor.doReceiveResponse(HttpRequestExecutor.java:271)
	at org.apache.http.protocol.HttpRequestExecutor.execute(HttpRequestExecutor.java:123)
	at org.apache.http.impl.client.DefaultRequestDirector.tryExecute(DefaultRequestDirector.java:685)
	at org.apache.http.impl.client.DefaultRequestDirector.execute(DefaultRequestDirector.java:487)
	at org.apache.http.impl.client.AbstractHttpClient.doExecute(AbstractHttpClient.java:863)
	at org.apache.http.impl.client.CloseableHttpClient.execute(CloseableHttpClient.java:82)
	at org.apache.http.impl.client.CloseableHttpClient.execute(CloseableHttpClient.java:57)
	at com.ezijing.qa.util.Utils.httpPost(Utils.java:218)
	at com.ezijing.qa.util.BaseApiUtil.postResponse(BaseApiUtil.java:60)
	at com.ezijing.qa.sso.PostUpdateUser.updateUserAvatar(PostUpdateUser.java:69)

updateUserEmail(com.ezijing.qa.sso.PostUpdateUser)  Time elapsed: 1.015 sec  <<< FAILURE!
org.testng.internal.thread.ThreadTimeoutException: Method org.testng.internal.TestNGMethod.updateUserEmail() didn't finish within the time-out 1000
	at java.net.SocketInputStream.socketRead0(Native Method)
	at java.net.SocketInputStream.socketRead(SocketInputStream.java:116)
	at java.net.SocketInputStream.read(SocketInputStream.java:170)
	at java.net.SocketInputStream.read(SocketInputStream.java:141)
	at sun.security.ssl.InputRecord.readFully(InputRecord.java:465)
	at sun.security.ssl.InputRecord.read(InputRecord.java:503)
	at sun.security.ssl.SSLSocketImpl.readRecord(SSLSocketImpl.java:961)
	at sun.security.ssl.SSLSocketImpl.readDataRecord(SSLSocketImpl.java:918)
	at sun.security.ssl.AppInputStream.read(AppInputStream.java:105)
	at org.apache.http.impl.io.AbstractSessionInputBuffer.fillBuffer(AbstractSessionInputBuffer.java:160)
	at org.apache.http.impl.io.SocketInputBuffer.fillBuffer(SocketInputBuffer.java:84)
	at org.apache.http.impl.io.AbstractSessionInputBuffer.readLine(AbstractSessionInputBuffer.java:273)
	at org.apache.http.impl.conn.DefaultHttpResponseParser.parseHead(DefaultHttpResponseParser.java:140)
	at org.apache.http.impl.conn.DefaultHttpResponseParser.parseHead(DefaultHttpResponseParser.java:57)
	at org.apache.http.impl.io.AbstractMessageParser.parse(AbstractMessageParser.java:260)
	at org.apache.http.impl.AbstractHttpClientConnection.receiveResponseHeader(AbstractHttpClientConnection.java:283)
	at org.apache.http.impl.conn.DefaultClientConnection.receiveResponseHeader(DefaultClientConnection.java:251)
	at org.apache.http.impl.conn.ManagedClientConnectionImpl.receiveResponseHeader(ManagedClientConnectionImpl.java:197)
	at org.apache.http.protocol.HttpRequestExecutor.doReceiveResponse(HttpRequestExecutor.java:271)
	at org.apache.http.protocol.HttpRequestExecutor.execute(HttpRequestExecutor.java:123)
	at org.apache.http.impl.client.DefaultRequestDirector.tryExecute(DefaultRequestDirector.java:685)
	at org.apache.http.impl.client.DefaultRequestDirector.execute(DefaultRequestDirector.java:487)
	at org.apache.http.impl.client.AbstractHttpClient.doExecute(AbstractHttpClient.java:863)
	at org.apache.http.impl.client.CloseableHttpClient.execute(CloseableHttpClient.java:82)
	at org.apache.http.impl.client.CloseableHttpClient.execute(CloseableHttpClient.java:57)
	at com.ezijing.qa.util.Utils.httpPost(Utils.java:218)
	at com.ezijing.qa.util.BaseApiUtil.postResponse(BaseApiUtil.java:60)
	at com.ezijing.qa.sso.PostUpdateUser.updateUserEmail(PostUpdateUser.java:84)

afterTest(com.ezijing.qa.datacenter.GetCourseInformation)  Time elapsed: 3.703 sec  <<< FAILURE!
java.lang.AssertionError: expected:<1009> but was:<200>
	at org.junit.Assert.fail(Assert.java:88)
	at org.junit.Assert.failNotEquals(Assert.java:743)
	at org.junit.Assert.assertEquals(Assert.java:118)
	at org.junit.Assert.assertEquals(Assert.java:555)
	at org.junit.Assert.assertEquals(Assert.java:542)
	at com.ezijing.qa.sso.PostTickets.afterTest(PostTickets.java:135)
	at sun.reflect.NativeMethodAccessorImpl.invoke0(Native Method)
	at sun.reflect.NativeMethodAccessorImpl.invoke(NativeMethodAccessorImpl.java:62)
	at sun.reflect.DelegatingMethodAccessorImpl.invoke(DelegatingMethodAccessorImpl.java:43)
	at java.lang.reflect.Method.invoke(Method.java:497)
	at org.testng.internal.MethodInvocationHelper.invokeMethod(MethodInvocationHelper.java:80)
	at org.testng.internal.Invoker.invokeConfigurationMethod(Invoker.java:525)
	at org.testng.internal.Invoker.invokeConfigurations(Invoker.java:202)
	at org.testng.internal.Invoker.invokeConfigurations(Invoker.java:130)
	at org.testng.TestRunner.afterRun(TestRunner.java:1187)
	at org.testng.TestRunner.run(TestRunner.java:612)
	at org.testng.SuiteRunner.runTest(SuiteRunner.java:334)
	at org.testng.SuiteRunner.runSequentially(SuiteRunner.java:329)
	at org.testng.SuiteRunner.privateRun(SuiteRunner.java:291)
	at org.testng.SuiteRunner.run(SuiteRunner.java:240)
	at org.testng.SuiteRunnerWorker.runSuite(SuiteRunnerWorker.java:52)
	at org.testng.SuiteRunnerWorker.run(SuiteRunnerWorker.java:86)
	at org.testng.TestNG.runSuitesSequentially(TestNG.java:1158)
	at org.testng.TestNG.runSuitesLocally(TestNG.java:1083)
	at org.testng.TestNG.run(TestNG.java:999)
	at org.apache.maven.surefire.testng.TestNGExecutor.run(TestNGExecutor.java:74)
	at org.apache.maven.surefire.testng.TestNGXmlTestSuite.execute(TestNGXmlTestSuite.java:92)
	at org.apache.maven.surefire.Surefire.run(Surefire.java:177)
	at sun.reflect.NativeMethodAccessorImpl.invoke0(Native Method)
	at sun.reflect.NativeMethodAccessorImpl.invoke(NativeMethodAccessorImpl.java:62)
	at sun.reflect.DelegatingMethodAccessorImpl.invoke(DelegatingMethodAccessorImpl.java:43)
	at java.lang.reflect.Method.invoke(Method.java:497)
	at org.apache.maven.surefire.booter.SurefireBooter.runSuitesInProcess(SurefireBooter.java:345)
	at org.apache.maven.surefire.booter.SurefireBooter.main(SurefireBooter.java:1009)

