<?xml version="1.0" encoding="UTF-8"?>
<testsuite name="SSO"
           tests="2"
           failures="2"
           errors="0"
           skipped="0"
           time="2.031">
  <properties />
            <testcase name="updateUserAvatar" time="1.016" classname="com.ezijing.qa.sso.PostUpdateUser">
                <failure type="org.testng.internal.thread.ThreadTimeoutException"
                  message="Method org.testng.internal.TestNGMethod.updateUserAvatar() didn&apos;t finish within the time-out 1000"
              >
<![CDATA[org.testng.internal.thread.ThreadTimeoutException: Method org.testng.internal.TestNGMethod.updateUserAvatar() didn't finish within the time-out 1000
  java.net.SocketInputStream.socketRead0(Native Method)
  java.net.SocketInputStream.socketRead(SocketInputStream.java:116)
  java.net.SocketInputStream.read(SocketInputStream.java:170)
  java.net.SocketInputStream.read(SocketInputStream.java:141)
  sun.security.ssl.InputRecord.readFully(InputRecord.java:465)
  sun.security.ssl.InputRecord.read(InputRecord.java:503)
  sun.security.ssl.SSLSocketImpl.readRecord(SSLSocketImpl.java:961)
  sun.security.ssl.SSLSocketImpl.readDataRecord(SSLSocketImpl.java:918)
  sun.security.ssl.AppInputStream.read(AppInputStream.java:105)
  org.apache.http.impl.io.AbstractSessionInputBuffer.fillBuffer(AbstractSessionInputBuffer.java:160)
  org.apache.http.impl.io.SocketInputBuffer.fillBuffer(SocketInputBuffer.java:84)
  org.apache.http.impl.io.AbstractSessionInputBuffer.readLine(AbstractSessionInputBuffer.java:273)
  org.apache.http.impl.conn.DefaultHttpResponseParser.parseHead(DefaultHttpResponseParser.java:140)
  org.apache.http.impl.conn.DefaultHttpResponseParser.parseHead(DefaultHttpResponseParser.java:57)
  org.apache.http.impl.io.AbstractMessageParser.parse(AbstractMessageParser.java:260)
  org.apache.http.impl.AbstractHttpClientConnection.receiveResponseHeader(AbstractHttpClientConnection.java:283)
  org.apache.http.impl.conn.DefaultClientConnection.receiveResponseHeader(DefaultClientConnection.java:251)
  org.apache.http.impl.conn.ManagedClientConnectionImpl.receiveResponseHeader(ManagedClientConnectionImpl.java:197)
  org.apache.http.protocol.HttpRequestExecutor.doReceiveResponse(HttpRequestExecutor.java:271)
  org.apache.http.protocol.HttpRequestExecutor.execute(HttpRequestExecutor.java:123)
  org.apache.http.impl.client.DefaultRequestDirector.tryExecute(DefaultRequestDirector.java:685)
  org.apache.http.impl.client.DefaultRequestDirector.execute(DefaultRequestDirector.java:487)
  org.apache.http.impl.client.AbstractHttpClient.doExecute(AbstractHttpClient.java:863)
  org.apache.http.impl.client.CloseableHttpClient.execute(CloseableHttpClient.java:82)
  org.apache.http.impl.client.CloseableHttpClient.execute(CloseableHttpClient.java:57)
  com.ezijing.qa.util.Utils.httpPost(Utils.java:218)
  com.ezijing.qa.util.BaseApiUtil.postResponse(BaseApiUtil.java:60)
  com.ezijing.qa.sso.PostUpdateUser.updateUserAvatar(PostUpdateUser.java:69)
  sun.reflect.NativeMethodAccessorImpl.invoke0(Native Method)
  sun.reflect.NativeMethodAccessorImpl.invoke(NativeMethodAccessorImpl.java:62)
  sun.reflect.DelegatingMethodAccessorImpl.invoke(DelegatingMethodAccessorImpl.java:43)
  java.lang.reflect.Method.invoke(Method.java:497)
  org.testng.internal.MethodInvocationHelper.invokeMethod(MethodInvocationHelper.java:80)
  org.testng.internal.InvokeMethodRunnable.runOne(InvokeMethodRunnable.java:46)
  org.testng.internal.InvokeMethodRunnable.run(InvokeMethodRunnable.java:37)
  java.util.concurrent.Executors$RunnableAdapter.call(Executors.java:511)
  java.util.concurrent.FutureTask.run(FutureTask.java:266)
  java.util.concurrent.ThreadPoolExecutor.runWorker(ThreadPoolExecutor.java:1142)
  java.util.concurrent.ThreadPoolExecutor$Worker.run(ThreadPoolExecutor.java:617)
  java.lang.Thread.run(Thread.java:745)
]]>
      </failure>

          </testcase>
            <testcase name="updateUserEmail" time="1.015" classname="com.ezijing.qa.sso.PostUpdateUser">
                <failure type="org.testng.internal.thread.ThreadTimeoutException"
                  message="Method org.testng.internal.TestNGMethod.updateUserEmail() didn&apos;t finish within the time-out 1000"
              >
<![CDATA[org.testng.internal.thread.ThreadTimeoutException: Method org.testng.internal.TestNGMethod.updateUserEmail() didn't finish within the time-out 1000
  java.net.SocketInputStream.socketRead0(Native Method)
  java.net.SocketInputStream.socketRead(SocketInputStream.java:116)
  java.net.SocketInputStream.read(SocketInputStream.java:170)
  java.net.SocketInputStream.read(SocketInputStream.java:141)
  sun.security.ssl.InputRecord.readFully(InputRecord.java:465)
  sun.security.ssl.InputRecord.read(InputRecord.java:503)
  sun.security.ssl.SSLSocketImpl.readRecord(SSLSocketImpl.java:961)
  sun.security.ssl.SSLSocketImpl.readDataRecord(SSLSocketImpl.java:918)
  sun.security.ssl.AppInputStream.read(AppInputStream.java:105)
  org.apache.http.impl.io.AbstractSessionInputBuffer.fillBuffer(AbstractSessionInputBuffer.java:160)
  org.apache.http.impl.io.SocketInputBuffer.fillBuffer(SocketInputBuffer.java:84)
  org.apache.http.impl.io.AbstractSessionInputBuffer.readLine(AbstractSessionInputBuffer.java:273)
  org.apache.http.impl.conn.DefaultHttpResponseParser.parseHead(DefaultHttpResponseParser.java:140)
  org.apache.http.impl.conn.DefaultHttpResponseParser.parseHead(DefaultHttpResponseParser.java:57)
  org.apache.http.impl.io.AbstractMessageParser.parse(AbstractMessageParser.java:260)
  org.apache.http.impl.AbstractHttpClientConnection.receiveResponseHeader(AbstractHttpClientConnection.java:283)
  org.apache.http.impl.conn.DefaultClientConnection.receiveResponseHeader(DefaultClientConnection.java:251)
  org.apache.http.impl.conn.ManagedClientConnectionImpl.receiveResponseHeader(ManagedClientConnectionImpl.java:197)
  org.apache.http.protocol.HttpRequestExecutor.doReceiveResponse(HttpRequestExecutor.java:271)
  org.apache.http.protocol.HttpRequestExecutor.execute(HttpRequestExecutor.java:123)
  org.apache.http.impl.client.DefaultRequestDirector.tryExecute(DefaultRequestDirector.java:685)
  org.apache.http.impl.client.DefaultRequestDirector.execute(DefaultRequestDirector.java:487)
  org.apache.http.impl.client.AbstractHttpClient.doExecute(AbstractHttpClient.java:863)
  org.apache.http.impl.client.CloseableHttpClient.execute(CloseableHttpClient.java:82)
  org.apache.http.impl.client.CloseableHttpClient.execute(CloseableHttpClient.java:57)
  com.ezijing.qa.util.Utils.httpPost(Utils.java:218)
  com.ezijing.qa.util.BaseApiUtil.postResponse(BaseApiUtil.java:60)
  com.ezijing.qa.sso.PostUpdateUser.updateUserEmail(PostUpdateUser.java:84)
  sun.reflect.NativeMethodAccessorImpl.invoke0(Native Method)
  sun.reflect.NativeMethodAccessorImpl.invoke(NativeMethodAccessorImpl.java:62)
  sun.reflect.DelegatingMethodAccessorImpl.invoke(DelegatingMethodAccessorImpl.java:43)
  java.lang.reflect.Method.invoke(Method.java:497)
  org.testng.internal.MethodInvocationHelper.invokeMethod(MethodInvocationHelper.java:80)
  org.testng.internal.InvokeMethodRunnable.runOne(InvokeMethodRunnable.java:46)
  org.testng.internal.InvokeMethodRunnable.run(InvokeMethodRunnable.java:37)
  java.util.concurrent.Executors$RunnableAdapter.call(Executors.java:511)
  java.util.concurrent.FutureTask.run(FutureTask.java:266)
  java.util.concurrent.ThreadPoolExecutor.runWorker(ThreadPoolExecutor.java:1142)
  java.util.concurrent.ThreadPoolExecutor$Worker.run(ThreadPoolExecutor.java:617)
  java.lang.Thread.run(Thread.java:745)
]]>
      </failure>

          </testcase>
  
  
  
</testsuite>
