<?xml version="1.0" encoding="UTF-8"?>
<testsuite name="SSO"
           tests="5"
           failures="1"
           errors="0"
           skipped="0"
           time="0.765">
  <properties />
            <testcase name="getTGTNormal" time="0.172" classname="com.ezijing.qa.sso.PostTickets">
                <failure type="java.lang.ClassCastException"
                  message="java.lang.String cannot be cast to com.alibaba.fastjson.JSONObject"
              >
<![CDATA[java.lang.ClassCastException: java.lang.String cannot be cast to com.alibaba.fastjson.JSONObject
  com.alibaba.fastjson.JSONObject.getJSONObject(JSONObject.java:109)
  com.ezijing.qa.sso.PostTickets.getTGTNormal(PostTickets.java:65)
  sun.reflect.NativeMethodAccessorImpl.invoke0(Native Method)
  sun.reflect.NativeMethodAccessorImpl.invoke(NativeMethodAccessorImpl.java:62)
  sun.reflect.DelegatingMethodAccessorImpl.invoke(DelegatingMethodAccessorImpl.java:43)
  java.lang.reflect.Method.invoke(Method.java:497)
  org.testng.internal.MethodInvocationHelper.invokeMethod(MethodInvocationHelper.java:80)
  org.testng.internal.InvokeMethodRunnable.runOne(InvokeMethodRunnable.java:46)
  org.testng.internal.InvokeMethodRunnable.run(InvokeMethodRunnable.java:37)
  java.util.concurrent.Executors$RunnableAdapter.call(Executors.java:511)
  java.util.concurrent.FutureTask.run(FutureTask.java:266)
  java.util.concurrent.ThreadPoolExecutor.runWorker(ThreadPoolExecutor.java:1142)
  java.util.concurrent.ThreadPoolExecutor$Worker.run(ThreadPoolExecutor.java:617)
  java.lang.Thread.run(Thread.java:745)
]]>
      </failure>

          </testcase>
  
  
            <testcase name="getTGTNoPassword" time="0.156" classname="com.ezijing.qa.sso.PostTickets" />
                <testcase name="getTGTWrongUsername" time="0.140" classname="com.ezijing.qa.sso.PostTickets" />
                <testcase name="getTGTWrongPassword" time="0.157" classname="com.ezijing.qa.sso.PostTickets" />
                <testcase name="getTGTNoUsername" time="0.140" classname="com.ezijing.qa.sso.PostTickets" />
      
</testsuite>
