<?xml version="1.0" encoding="UTF-8"?>
<testsuite name="SSO"
           tests="6"
           failures="0"
           errors="0"
           skipped="0"
           time="1.110">
  <properties />
  
  
            <testcase name="ajaxpushPlayerNosid" time="0.187" classname="com.ezijing.qa.datacenter.player.GetPlayerAjaxPush" />
                <testcase name="ajaxpushPlayerNodata" time="0.172" classname="com.ezijing.qa.datacenter.player.GetPlayerAjaxPush" />
                <testcase name="ajaxpushPlayerNovid" time="0.188" classname="com.ezijing.qa.datacenter.player.GetPlayerAjaxPush" />
                <testcase name="ajaxpushPlayerNots" time="0.156" classname="com.ezijing.qa.datacenter.player.GetPlayerAjaxPush" />
                <testcase name="ajaxpushPlayerNormal" time="0.188" classname="com.ezijing.qa.datacenter.player.GetPlayerAjaxPush" />
                <testcase name="ajaxpushPlayerNotd" time="0.219" classname="com.ezijing.qa.datacenter.player.GetPlayerAjaxPush" />
      
</testsuite>
